
> frontend@0.0.0 build
> tsc -b && vite build

src/components/FloatingDock.tsx(1,1): error TS6133: 'useRef' is declared but its value is never read.
src/components/FloatingDock.tsx(2,34): error TS6133: 'useSpring' is declared but its value is never read.
src/components/FloatingDock.tsx(2,45): error TS6133: 'useTransform' is declared but its value is never read.
src/components/FloatingDock.tsx(2,59): error TS6133: 'MotionValue' is declared but its value is never read.
src/components/FloatingDock.tsx(10,5): error TS6133: 'Bell' is declared but its value is never read.
src/components/GlassCard.tsx(3,10): error TS1484: 'ReactNode' is a type and must be imported using a type-only import when 'verbatimModuleSyntax' is enabled.
src/pages/AdminDashboard.tsx(5,55): error TS6133: 'AlertCircle' is declared but its value is never read.
src/pages/AdminUsersPage.tsx(67,9): error TS2769: No overload matches this call.
  Overload 1 of 3, '(options: DefinedInitialDataOptions<unknown, Error, unknown, (string | number)[]>, queryClient?: QueryClient | undefined): DefinedUseQueryResult<unknown, Error>', gave the following error.
    Object literal may only specify known properties, and 'keepPreviousData' does not exist in type 'DefinedInitialDataOptions<unknown, Error, unknown, (string | number)[]>'.
  Overload 2 of 3, '(options: UndefinedInitialDataOptions<any, Error, any, (string | number)[]>, queryClient?: QueryClient | undefined): UseQueryResult<...>', gave the following error.
    Object literal may only specify known properties, and 'keepPreviousData' does not exist in type 'UndefinedInitialDataOptions<any, Error, any, (string | number)[]>'.
  Overload 3 of 3, '(options: UseQueryOptions<any, Error, any, (string | number)[]>, queryClient?: QueryClient | undefined): UseQueryResult<any, Error>', gave the following error.
    Object literal may only specify known properties, and 'keepPreviousData' does not exist in type 'UseQueryOptions<any, Error, any, (string | number)[]>'.
src/pages/AdminUsersPage.tsx(70,25): error TS2339: Property 'users' does not exist on type '{}'.
src/pages/AdminUsersPage.tsx(71,30): error TS2339: Property 'totalPages' does not exist on type '{}'.
src/pages/AdminUsersPage.tsx(135,60): error TS2339: Property 'total' does not exist on type '{}'.
src/pages/CoursePlayerPage.tsx(369,42): error TS2304: Cannot find name 'CardHeader'.
src/pages/CoursePlayerPage.tsx(372,54): error TS2304: Cannot find name 'CardTitle'.
src/pages/CoursePlayerPage.tsx(372,105): error TS2304: Cannot find name 'CardTitle'.
src/pages/CoursePlayerPage.tsx(373,54): error TS2304: Cannot find name 'CardDescription'.
src/pages/CoursePlayerPage.tsx(376,55): error TS2304: Cannot find name 'CardDescription'.
src/pages/CoursePlayerPage.tsx(379,43): error TS2304: Cannot find name 'CardHeader'.
src/pages/CoursesPage.tsx(1,20): error TS6133: 'useMutation' is declared but its value is never read.
src/pages/CoursesPage.tsx(1,33): error TS6133: 'useQueryClient' is declared but its value is never read.
src/pages/CoursesPage.tsx(9,37): error TS6133: 'BookOpen' is declared but its value is never read.
src/pages/CoursesPage.tsx(15,11): error TS6133: 'navigate' is declared but its value is never read.
src/pages/CoursesPage.tsx(16,11): error TS6133: 'user' is declared but its value is never read.
src/pages/CreateCoursePage.tsx(10,69): error TS6133: 'CardFooter' is declared but its value is never read.
src/pages/CreateCoursePage.tsx(12,1): error TS6133: 'Separator' is declared but its value is never read.
src/pages/EditCoursePage.tsx(2,22): error TS6133: 'Upload' is declared but its value is never read.
src/pages/EditCoursePage.tsx(2,59): error TS6133: 'MoreVertical' is declared but its value is never read.
src/pages/EditCoursePage.tsx(2,135): error TS6133: 'PlayCircle' is declared but its value is never read.
src/pages/EditCoursePage.tsx(2,147): error TS6133: 'Save' is declared but its value is never read.
src/pages/EditCoursePage.tsx(9,69): error TS6133: 'CardFooter' is declared but its value is never read.
src/pages/EditCoursePage.tsx(17,1): error TS6192: All imports in import declaration are unused.
src/pages/EditCoursePage.tsx(337,76): error TS6133: 'err' is declared but its value is never read.
src/pages/InstructorDashboard.tsx(6,61): error TS6133: 'UserCheck' is declared but its value is never read.
src/pages/LoginPage.tsx(14,39): error TS6133: 'ArrowRight' is declared but its value is never read.
